[     109ms] [LOG] [Fast Refresh] rebuilding @ http://localhost:3000/_next/static/chunks/node_modules_next_dist_1ybzpk2._.js:2477
[     420ms] [LOG] [Fast Refresh] done in 411ms @ http://localhost:3000/_next/static/chunks/node_modules_next_dist_1ybzpk2._.js:2477
[     451ms] [VERBOSE] [DOM] Input elements should have autocomplete attributes (suggested: "current-password"): (More info: https://goo.gl/9p2vKq) %o @ http://localhost:3000/register:0
[     482ms] [INFO] %cDownload the React DevTools for a better development experience: https://react.dev/link/react-devtools font-weight:bold @ http://localhost:3000/_next/static/chunks/node_modules_next_dist_1ybzpk2._.js:2477
[     508ms] [LOG] [HMR] connected @ http://localhost:3000/_next/static/chunks/node_modules_next_dist_1ybzpk2._.js:2477
[   56618ms] [ERROR] Connecting to 'https://iieemqxxujloddesyjmw.supabase.co/auth/v1/signup' violates the following Content Security Policy directive: "connect-src 'self'". The action has been blocked. @ http://localhost:3000/_next/static/chunks/node_modules_%40supabase_auth-js_dist_module_1vqrmkg._.js:617
[   56619ms] [ERROR] Fetch API cannot load https://iieemqxxujloddesyjmw.supabase.co/auth/v1/signup. Refused to connect because it violates the document's Content Security Policy. @ http://localhost:3000/_next/static/chunks/node_modules_%40supabase_auth-js_dist_module_1vqrmkg._.js:617
[   56620ms] [ERROR] TypeError: Failed to fetch
    at http://localhost:3000/_next/static/chunks/node_modules_%40supabase_auth-js_dist_module_1vqrmkg._.js:618:23
    at _handleRequest (http://localhost:3000/_next/static/chunks/node_modules_%40supabase_auth-js_dist_module_1vqrmkg._.js:1000:24)
    at _request (http://localhost:3000/_next/static/chunks/node_modules_%40supabase_auth-js_dist_module_1vqrmkg._.js:987:24)
    at SupabaseAuthClient.signUp (http://localhost:3000/_next/static/chunks/node_modules_%40supabase_auth-js_dist_module_1vqrmkg._.js:4297:219)
    at async handleSubmit (http://localhost:3000/_next/static/chunks/src_1si8vl_._.js:58:27) @ http://localhost:3000/_next/static/chunks/node_modules_next_dist_1ybzpk2._.js:3318
[  116650ms] [LOG] [HMR] connected @ http://localhost:3000/_next/static/chunks/node_modules_next_dist_1ybzpk2._.js:2477
[  117115ms] [VERBOSE] [DOM] Input elements should have autocomplete attributes (suggested: "current-password"): (More info: https://goo.gl/9p2vKq) %o @ http://localhost:3000/register:0
[  117134ms] [INFO] %cDownload the React DevTools for a better development experience: https://react.dev/link/react-devtools font-weight:bold @ http://localhost:3000/_next/static/chunks/node_modules_next_dist_1ybzpk2._.js:2477
[  117158ms] [LOG] [HMR] connected @ http://localhost:3000/_next/static/chunks/node_modules_next_dist_1ybzpk2._.js:2477
[  173463ms] [ERROR] WebSocket connection to 'ws://localhost:3000/_next/webpack-hmr?id=rpk--vd-D7nSUBI83J1Xm' failed: Error in connection establishment: net::ERR_CONNECTION_REFUSED @ http://localhost:3000/_next/static/chunks/node_modules_next_dist_client_0r5nbpw._.js:13422
[  174465ms] [ERROR] WebSocket connection to 'ws://localhost:3000/_next/webpack-hmr?id=rpk--vd-D7nSUBI83J1Xm' failed: Error in connection establishment: net::ERR_CONNECTION_REFUSED @ http://localhost:3000/_next/static/chunks/node_modules_next_dist_client_0r5nbpw._.js:13422
[  175466ms] [ERROR] WebSocket connection to 'ws://localhost:3000/_next/webpack-hmr?id=rpk--vd-D7nSUBI83J1Xm' failed: Error in connection establishment: net::ERR_CONNECTION_REFUSED @ http://localhost:3000/_next/static/chunks/node_modules_next_dist_client_0r5nbpw._.js:13422
[  176467ms] [ERROR] WebSocket connection to 'ws://localhost:3000/_next/webpack-hmr?id=rpk--vd-D7nSUBI83J1Xm' failed: Error in connection establishment: net::ERR_CONNECTION_REFUSED @ http://localhost:3000/_next/static/chunks/node_modules_next_dist_client_0r5nbpw._.js:13422
[  177469ms] [ERROR] WebSocket connection to 'ws://localhost:3000/_next/webpack-hmr?id=rpk--vd-D7nSUBI83J1Xm' failed: Error in connection establishment: net::ERR_CONNECTION_REFUSED @ http://localhost:3000/_next/static/chunks/node_modules_next_dist_client_0r5nbpw._.js:13422
[  182470ms] [ERROR] WebSocket connection to 'ws://localhost:3000/_next/webpack-hmr?id=rpk--vd-D7nSUBI83J1Xm' failed: Error in connection establishment: net::ERR_CONNECTION_REFUSED @ http://localhost:3000/_next/static/chunks/node_modules_next_dist_client_0r5nbpw._.js:13422
[  187472ms] [ERROR] WebSocket connection to 'ws://localhost:3000/_next/webpack-hmr?id=rpk--vd-D7nSUBI83J1Xm' failed: Error in connection establishment: net::ERR_CONNECTION_REFUSED @ http://localhost:3000/_next/static/chunks/node_modules_next_dist_client_0r5nbpw._.js:13422
[  192473ms] [ERROR] WebSocket connection to 'ws://localhost:3000/_next/webpack-hmr?id=rpk--vd-D7nSUBI83J1Xm' failed: Error in connection establishment: net::ERR_CONNECTION_REFUSED @ http://localhost:3000/_next/static/chunks/node_modules_next_dist_client_0r5nbpw._.js:13422
[  197475ms] [ERROR] WebSocket connection to 'ws://localhost:3000/_next/webpack-hmr?id=rpk--vd-D7nSUBI83J1Xm' failed: Error in connection establishment: net::ERR_CONNECTION_REFUSED @ http://localhost:3000/_next/static/chunks/node_modules_next_dist_client_0r5nbpw._.js:13422
[  202476ms] [ERROR] WebSocket connection to 'ws://localhost:3000/_next/webpack-hmr?id=rpk--vd-D7nSUBI83J1Xm' failed: Error in connection establishment: net::ERR_CONNECTION_REFUSED @ http://localhost:3000/_next/static/chunks/node_modules_next_dist_client_0r5nbpw._.js:13422
[  207478ms] [ERROR] WebSocket connection to 'ws://localhost:3000/_next/webpack-hmr?id=rpk--vd-D7nSUBI83J1Xm' failed: Error in connection establishment: net::ERR_CONNECTION_REFUSED @ http://localhost:3000/_next/static/chunks/node_modules_next_dist_client_0r5nbpw._.js:13422
[  212479ms] [ERROR] WebSocket connection to 'ws://localhost:3000/_next/webpack-hmr?id=rpk--vd-D7nSUBI83J1Xm' failed: Error in connection establishment: net::ERR_CONNECTION_REFUSED @ http://localhost:3000/_next/static/chunks/node_modules_next_dist_client_0r5nbpw._.js:13422
[  218960ms] [VERBOSE] [DOM] Input elements should have autocomplete attributes (suggested: "current-password"): (More info: https://goo.gl/9p2vKq) %o @ http://localhost:3000/register:0
[  218972ms] [INFO] %cDownload the React DevTools for a better development experience: https://react.dev/link/react-devtools font-weight:bold @ http://localhost:3000/_next/static/chunks/node_modules_next_dist_1ybzpk2._.js:2477
[  218997ms] [LOG] [HMR] connected @ http://localhost:3000/_next/static/chunks/node_modules_next_dist_1ybzpk2._.js:2477
