[    1970ms] [INFO] %cDownload the React DevTools for a better development experience: https://react.dev/link/react-devtools font-weight:bold @ http://localhost:3000/_next/static/chunks/node_modules_next_dist_1ybzpk2._.js:2477
[    1997ms] [LOG] [HMR] connected @ http://localhost:3000/_next/static/chunks/node_modules_next_dist_1ybzpk2._.js:2477
[    2012ms] [LOG] %c%s%c [auth] User authenticated background: #e6e6e6;background: light-dark(rgba(0,0,0,0.1), rgba(255,255,255,0.25));color: #000000;color: light-dark(#000000, #ffffff);border-radius: 2px  Server   {userId: 4c508975-774a-4ee2-90bd-97e87d4fe8cd, email: teste2e@dokmaker.com} @ http://localhost:3000/_next/static/chunks/node_modules_next_dist_1ybzpk2._.js:2477
[    2013ms] [LOG] %c%s%c [auth] User authenticated background: #e6e6e6;background: light-dark(rgba(0,0,0,0.1), rgba(255,255,255,0.25));color: #000000;color: light-dark(#000000, #ffffff);border-radius: 2px  Server   {userId: 4c508975-774a-4ee2-90bd-97e87d4fe8cd, email: teste2e@dokmaker.com} @ http://localhost:3000/_next/static/chunks/node_modules_next_dist_1ybzpk2._.js:2477
[    2060ms] [ERROR] In HTML, %s cannot be a descendant of <%s>.
This will cause a hydration error.%s <button> button 

  ...
    <LoadingBoundaryProvider loading={[...]}>
      <SegmentViewNode type="layout" pagePath="app/layout...">
        <SegmentTrieNode>
        <script>
        <script>
        <script>
        <script>
        <script>
        <script>
        <script>
        <AppLayout>
          <div className="min-h-scre...">
            <header>
            <header className="md:hidden ...">
              <div className="flex h-14 ...">
                <LinkComponent>
                <MobileNav user={{id:"4c5089...", ...}}>
                  <Sheet>
                    <DialogRoot data-slot="sheet">
                      <SheetTrigger>
                        <DialogTrigger data-slot="sheet-trigger">
>                         <button
>                           type="button"
>                           onClick={function}
>                           onMouseDown={function}
>                           onKeyDown={function}
>                           onKeyUp={function}
>                           onPointerDown={function}
>                           tabIndex={0}
>                           disabled={false}
>                           data-base-ui-click-trigger=""
>                           id="base-ui-_R_dikndlb_"
>                           aria-haspopup="dialog"
>                           aria-expanded={false}
>                           aria-controls={undefined}
>                           data-slot="sheet-trigger"
>                           ref={function}
>                         >
                            <Button variant="ghost" size="icon">
                              <Button data-slot="button" className={"group/bu..."}>
>                               <button
>                                 type="button"
>                                 onClick={function}
>                                 onMouseDown={function}
>                                 onKeyDown={function}
>                                 onKeyUp={function}
>                                 onPointerDown={function}
>                                 tabIndex={0}
>                                 disabled={false}
>                                 data-slot="button"
>                                 ref={function}
>                                 className={"group/button inline-flex shrink-0 items-center justify-center rounded-l..."}
>                               >
                      ...
            ...
 @ http://localhost:3000/_next/static/chunks/node_modules_next_dist_1ybzpk2._.js:3318
[    2060ms] [ERROR] <%s> cannot contain a nested %s.
See this log for the ancestor stack trace. button <button> @ http://localhost:3000/_next/static/chunks/node_modules_next_dist_1ybzpk2._.js:3318
[    2085ms] Error: Hydration failed because the server rendered HTML didn't match the client. As a result this tree will be regenerated on the client. This can happen if a SSR-ed Client Component used:

- A server/client branch `if (typeof window !== 'undefined')`.
- Variable input such as `Date.now()` or `Math.random()` which changes each time it's called.
- Date formatting in a user's locale which doesn't match the server.
- External changing data without sending a snapshot of it along with the HTML.
- Invalid HTML tag nesting.

It can also happen if the client has a browser extension installed which messes with the HTML before React loaded.

https://react.dev/link/hydration-mismatch
    at throwOnHydrationMismatch (http://localhost:3000/_next/static/chunks/node_modules_next_dist_compiled_react-dom_096_9a-._.js:3318:56)
    at beginWork (http://localhost:3000/_next/static/chunks/node_modules_next_dist_compiled_react-dom_096_9a-._.js:6758:918)
    at runWithFiberInDEV (http://localhost:3000/_next/static/chunks/node_modules_next_dist_compiled_react-dom_096_9a-._.js:965:74)
    at performUnitOfWork (http://localhost:3000/_next/static/chunks/node_modules_next_dist_compiled_react-dom_096_9a-._.js:9555:97)
    at workLoopConcurrentByScheduler (http://localhost:3000/_next/static/chunks/node_modules_next_dist_compiled_react-dom_096_9a-._.js:9551:58)
    at renderRootConcurrent (http://localhost:3000/_next/static/chunks/node_modules_next_dist_compiled_react-dom_096_9a-._.js:9534:71)
    at performWorkOnRoot (http://localhost:3000/_next/static/chunks/node_modules_next_dist_compiled_react-dom_096_9a-._.js:9061:150)
    at performWorkOnRootViaSchedulerTask (http://localhost:3000/_next/static/chunks/node_modules_next_dist_compiled_react-dom_096_9a-._.js:10255:9)
    at MessagePort.performWorkUntilDeadline (http://localhost:3000/_next/static/chunks/node_modules_next_dist_compiled_1amofcm._.js:2647:64)
[    2434ms] TypeError: Cannot read properties of null (reading 'parentNode')
    at $RS (http://localhost:3000/app/wallet:1:67029)
    at http://localhost:3000/app/wallet:1:67098
[   60529ms] [ERROR] WebSocket connection to 'ws://localhost:3000/_next/webpack-hmr?id=YR-j78HhrYy5eDQCnVJd0' failed: Error in connection establishment: net::ERR_CONNECTION_REFUSED @ http://localhost:3000/_next/static/chunks/node_modules_next_dist_client_0r5nbpw._.js:13422
[   61530ms] [ERROR] WebSocket connection to 'ws://localhost:3000/_next/webpack-hmr?id=YR-j78HhrYy5eDQCnVJd0' failed: Error in connection establishment: net::ERR_CONNECTION_REFUSED @ http://localhost:3000/_next/static/chunks/node_modules_next_dist_client_0r5nbpw._.js:13422
[   62532ms] [ERROR] WebSocket connection to 'ws://localhost:3000/_next/webpack-hmr?id=YR-j78HhrYy5eDQCnVJd0' failed: Error in connection establishment: net::ERR_CONNECTION_REFUSED @ http://localhost:3000/_next/static/chunks/node_modules_next_dist_client_0r5nbpw._.js:13422
[   63534ms] [ERROR] WebSocket connection to 'ws://localhost:3000/_next/webpack-hmr?id=YR-j78HhrYy5eDQCnVJd0' failed: Error in connection establishment: net::ERR_CONNECTION_REFUSED @ http://localhost:3000/_next/static/chunks/node_modules_next_dist_client_0r5nbpw._.js:13422
[   64535ms] [ERROR] WebSocket connection to 'ws://localhost:3000/_next/webpack-hmr?id=YR-j78HhrYy5eDQCnVJd0' failed: Error in connection establishment: net::ERR_CONNECTION_REFUSED @ http://localhost:3000/_next/static/chunks/node_modules_next_dist_client_0r5nbpw._.js:13422
[   69536ms] [ERROR] WebSocket connection to 'ws://localhost:3000/_next/webpack-hmr?id=YR-j78HhrYy5eDQCnVJd0' failed: Error in connection establishment: net::ERR_CONNECTION_REFUSED @ http://localhost:3000/_next/static/chunks/node_modules_next_dist_client_0r5nbpw._.js:13422
[   74539ms] [ERROR] WebSocket connection to 'ws://localhost:3000/_next/webpack-hmr?id=YR-j78HhrYy5eDQCnVJd0' failed: Error in connection establishment: net::ERR_CONNECTION_REFUSED @ http://localhost:3000/_next/static/chunks/node_modules_next_dist_client_0r5nbpw._.js:13422
[   79541ms] [ERROR] WebSocket connection to 'ws://localhost:3000/_next/webpack-hmr?id=YR-j78HhrYy5eDQCnVJd0' failed: Error in connection establishment: net::ERR_CONNECTION_REFUSED @ http://localhost:3000/_next/static/chunks/node_modules_next_dist_client_0r5nbpw._.js:13422
[   84545ms] [ERROR] WebSocket connection to 'ws://localhost:3000/_next/webpack-hmr?id=YR-j78HhrYy5eDQCnVJd0' failed: Error in connection establishment: net::ERR_CONNECTION_REFUSED @ http://localhost:3000/_next/static/chunks/node_modules_next_dist_client_0r5nbpw._.js:13422
[   89547ms] [ERROR] WebSocket connection to 'ws://localhost:3000/_next/webpack-hmr?id=YR-j78HhrYy5eDQCnVJd0' failed: Error in connection establishment: net::ERR_CONNECTION_REFUSED @ http://localhost:3000/_next/static/chunks/node_modules_next_dist_client_0r5nbpw._.js:13422
[   94553ms] [ERROR] WebSocket connection to 'ws://localhost:3000/_next/webpack-hmr?id=YR-j78HhrYy5eDQCnVJd0' failed: Error in connection establishment: net::ERR_CONNECTION_REFUSED @ http://localhost:3000/_next/static/chunks/node_modules_next_dist_client_0r5nbpw._.js:13422
[   99555ms] [ERROR] WebSocket connection to 'ws://localhost:3000/_next/webpack-hmr?id=YR-j78HhrYy5eDQCnVJd0' failed: Error in connection establishment: net::ERR_CONNECTION_REFUSED @ http://localhost:3000/_next/static/chunks/node_modules_next_dist_client_0r5nbpw._.js:13422
